Arguments: 
  /Users/yangjun/.nvm/versions/node/v10.9.0/bin/node /Users/yangjun/.nvm/versions/node/v10.9.0/bin/yarn install

PATH: 
  /Users/yangjun/.nvm/versions/node/v10.9.0/bin:/Users/yangjun/.rvm/gems/ruby-2.4.1/bin:/Users/yangjun/.rvm/gems/ruby-2.4.1@global/bin:/Users/yangjun/.rvm/rubies/ruby-2.4.1/bin:/usr/local/bin:/usr/bin:/bin:/usr/sbin:/sbin:/Users/yangjun/.rvm/gems/ruby-2.4.1/bin:/Users/yangjun/.rvm/gems/ruby-2.4.1@global/bin:/Users/yangjun/.rvm/rubies/ruby-2.4.1/bin:/Users/yangjun/.rvm/bin:/usr/local/mysql/bin:/usr/local/mongodb/bin:/Volumes/yang/plat/enviorments/platform-tools:/Users/yangjun/.rvm/bin:/usr/local/mysql/bin:/usr/local/mongodb/bin:/Volumes/yang/plat/enviorments/platform-tools:/Users/yangjun/.rvm/bin

Yarn version: 
  1.16.0

Node version: 
  10.9.0

Platform: 
  darwin x64

Trace: 
  Error: connect ECONNREFUSED 151.101.0.133:443
      at TCPConnectWrap.afterConnect [as oncomplete] (net.js:1161:14)

npm manifest: 
  {
    "name": "angular-io-example",
    "version": "1.0.0",
    "private": true,
    "description": "Example project from an angular.io guide.",
    "scripts": {
      "ng": "ng",
      "build": "ng build",
      "start": "ng serve",
      "test": "ng test",
      "lint": "tslint ./src/**/*.ts -t verbose",
      "e2e": "ng e2e"
    },
    "keywords": [],
    "author": "",
    "license": "MIT",
    "dependencies": {
      "@angular/animations": "^8.0.0",
      "@angular/common": "^8.0.0",
      "@angular/compiler": "^8.0.0",
      "@angular/core": "^8.0.0",
      "@angular/forms": "^8.0.0",
      "@angular/platform-browser": "^8.0.0",
      "@angular/platform-browser-dynamic": "^8.0.0",
      "@angular/router": "^8.0.0",
      "@angular/upgrade": "^8.0.0",
      "angular-in-memory-web-api": "github:brandonroberts/in-memory-web-api-bazel#50a34d8",
      "core-js": "^2.5.4",
      "rxjs": "^6.5.1",
      "zone.js": "~0.9.1"
    },
    "devDependencies": {
      "@angular-devkit/build-angular": "0.800.0",
      "@angular/cli": "^8.0.0",
      "@angular/compiler-cli": "^8.0.0",
      "@angular/platform-server": "^8.0.0",
      "@types/jasmine": "~2.8.8",
      "@types/jasminewd2": "^2.0.4",
      "@types/node": "~8.9.4",
      "jasmine-core": "~3.4.0",
      "jasmine-marbles": "^0.5.0",
      "jasmine-spec-reporter": "~4.2.1",
      "karma": "~4.1.0",
      "karma-chrome-launcher": "~2.2.0",
      "karma-coverage-istanbul-reporter": "~2.0.1",
      "karma-jasmine": "~2.0.1",
      "karma-jasmine-html-reporter": "^0.2.2",
      "lodash": "^4.16.2",
      "protractor": "~5.4.0",
      "ts-node": "~7.0.0",
      "tslint": "~5.15.0",
      "typescript": "~3.4.3"
    },
    "repository": {}
  }

yarn manifest: 
  No manifest

Lockfile: 
  No lockfile
